#
# A fatal error has been detected by the Java Runtime Environment:
#
#  EXCEPTION_ACCESS_VIOLATION (0xc0000005) at pc=0x000000005ef02c08, pid=12008, tid=11592
#
# JRE version: Java(TM) SE Runtime Environment (7.0_76-b13) (build 1.7.0_76-b13)
# Java VM: Java HotSpot(TM) 64-Bit Server VM (24.76-b04 mixed mode windows-amd64 compressed oops)
# Problematic frame:
# C  [nvoglv64.DLL+0x8a2c08]
#
# Failed to write core dump. Minidumps are not enabled by default on client versions of Windows
#
# If you would like to submit a bug report, please visit:
#   http://bugreport.java.com/bugreport/crash.jsp
# The crash happened outside the Java Virtual Machine in native code.
# See problematic frame for where to report the bug.
#

---------------  T H R E A D  ---------------

Current thread (0x000000000ff68000):  JavaThread "J3D-Renderer-1" [_thread_in_native, id=11592, stack(0x00000000137f0000,0x00000000138f0000)]

siginfo: ExceptionCode=0xc0000005, reading address 0x0000000000000004

Registers:
RAX=0x0000000000000000, RBX=0x0000000000000000, RCX=0x0000000013ef4080, RDX=0x0000000000000006
RSP=0x00000000138eef30, RBP=0x0000000000000000, RSI=0x0000000011652100, RDI=0x0000000013ef4080
R8 =0x0000000000000002, R9 =0x0000000006011f2c, R10=0x0000000000000000, R11=0x0000000000000246
R12=0x0000000000000000, R13=0x0000000000002d48, R14=0x0000000000000002, R15=0x00007ffb2e02b7a0
RIP=0x000000005ef02c08, EFLAGS=0x0000000000010246

Top of Stack: (sp=0x00000000138eef30)
0x00000000138eef30:   0000000013ef4080 000000005f0d973c
0x00000000138eef40:   0000000013ef4080 0000000014433d00
0x00000000138eef50:   0000000013ef4080 0000000013ef4080
0x00000000138eef60:   0000000014433d00 000000005f0c345d
0x00000000138eef70:   0000000000000000 0000000006011f2c
0x00000000138eef80:   0000000014433d00 0000000000002ee8
0x00000000138eef90:   0000000014433d90 0000000000000001
0x00000000138eefa0:   0000000000000000 00000000138ef050
0x00000000138eefb0:   00007ffb2e0faab0 0000000000020000
0x00000000138eefc0:   0000000014433d90 0000000000000002
0x00000000138eefd0:   000000005f0c30a0 00007ffb2e02bbe6
0x00000000138eefe0:   0000000000000003 0000000014433d90
0x00000000138eeff0:   00007ffb2e02b7a0 0000000000000001
0x00000000138ef000:   00000000138ef1b8 000000000ff68000
0x00000000138ef010:   0000000006011f2c 0000000000020000
0x00000000138ef020:   0000000000000003 00007ffb2e02bf21 

Instructions: (pc=0x000000005ef02c08)
0x000000005ef02be8:   8b b1 c8 00 00 00 48 8b f9 48 85 f6 0f 84 7d 04
0x000000005ef02bf8:   00 00 48 8b 86 30 fa 04 00 48 89 6c 24 48 33 ed
0x000000005ef02c08:   44 8b 40 04 ff 81 f0 6b 1a 00 4c 89 74 24 50 4c
0x000000005ef02c18:   89 7c 24 20 44 8d 75 01 75 2b 8b cd 48 8d 97 c0 


Register to memory mapping:

RAX=0x0000000000000000 is an unknown value
RBX=0x0000000000000000 is an unknown value
RCX=0x0000000013ef4080 is an unknown value
RDX=0x0000000000000006 is an unknown value
RSP=0x00000000138eef30 is pointing into the stack for thread: 0x000000000ff68000
RBP=0x0000000000000000 is an unknown value
RSI=0x0000000011652100 is an unknown value
RDI=0x0000000013ef4080 is an unknown value
R8 =0x0000000000000002 is an unknown value
R9 =0x0000000006011f2c is an unknown value
R10=0x0000000000000000 is an unknown value
R11=0x0000000000000246 is an unknown value
R12=0x0000000000000000 is an unknown value
R13=0x0000000000002d48 is an unknown value
R14=0x0000000000000002 is an unknown value
R15=0x00007ffb2e02b7a0 is an unknown value


Stack: [0x00000000137f0000,0x00000000138f0000],  sp=0x00000000138eef30,  free space=1019k
Native frames: (J=compiled Java code, j=interpreted, Vv=VM code, C=native code)
C  [nvoglv64.DLL+0x8a2c08]

[error occurred during error reporting (printing native stack), id 0xc0000005]

Java frames: (J=compiled Java code, j=interpreted, Vv=VM code)
j  javax.media.j3d.NativePipeline.useCtx(JJJ)Z+0
j  javax.media.j3d.NativePipeline.useCtx(Ljavax/media/j3d/Context;JLjavax/media/j3d/Drawable;)Z+43
j  javax.media.j3d.Canvas3D.useCtx(Ljavax/media/j3d/Context;JLjavax/media/j3d/Drawable;)Z+6
j  javax.media.j3d.Canvas3D.makeCtxCurrent(Ljavax/media/j3d/Context;JLjavax/media/j3d/Drawable;)V+51
J 854 C2 javax.media.j3d.Renderer.doWork(J)V (6480 bytes) @ 0x0000000003373cec [0x0000000003372ba0+0x114c]
J 965% C2 javax.media.j3d.J3dThread.run()V (37 bytes) @ 0x00000000033de248 [0x00000000033de1e0+0x68]
v  ~StubRoutines::call_stub

---------------  P R O C E S S  ---------------

Java Threads: ( => current thread )
  0x0000000010a9c000 JavaThread "Thread-6" [_thread_blocked, id=5896, stack(0x00000000130f0000,0x00000000131f0000)]
  0x0000000010a9d000 JavaThread "J3D-InputDeviceScheduler-1" [_thread_blocked, id=9936, stack(0x0000000017c50000,0x0000000017d50000)]
  0x0000000015860000 JavaThread "J3D-SoundSchedulerUpdateThread-1" [_thread_blocked, id=12016, stack(0x0000000017b50000,0x0000000017c50000)]
  0x0000000015861800 JavaThread "J3D-RenderStructureUpdateThread-1" [_thread_blocked, id=11180, stack(0x0000000017a50000,0x0000000017b50000)]
  0x0000000015860800 JavaThread "J3D-BehaviorScheduler-1" [_thread_blocked, id=13800, stack(0x0000000017950000,0x0000000017a50000)]
  0x000000001585f000 JavaThread "J3D-TransformStructureUpdateThread-1" [_thread_blocked, id=5196, stack(0x0000000017850000,0x0000000017950000)]
  0x000000001585b800 JavaThread "J3D-RenderingEnvironmentStructureUpdateThread-1" [_thread_blocked, id=10184, stack(0x0000000017750000,0x0000000017850000)]
  0x000000001585e800 JavaThread "J3D-SoundStructureUpdateThread-1" [_thread_blocked, id=12952, stack(0x0000000017650000,0x0000000017750000)]
  0x000000001585a800 JavaThread "J3D-GeometryStructureUpdateThread-1" [_thread_blocked, id=9320, stack(0x0000000017550000,0x0000000017650000)]
  0x000000001585d800 JavaThread "J3D-BehaviorStructureUpdateThread-1" [_thread_blocked, id=12196, stack(0x0000000017450000,0x0000000017550000)]
  0x000000001585c000 JavaThread "DestroyJavaVM" [_thread_blocked, id=13844, stack(0x0000000002eb0000,0x0000000002fb0000)]
=>0x000000000ff68000 JavaThread "J3D-Renderer-1" [_thread_in_native, id=11592, stack(0x00000000137f0000,0x00000000138f0000)]
  0x000000000ff62800 JavaThread "J3D-MasterControl-1" [_thread_blocked, id=10456, stack(0x00000000136f0000,0x00000000137f0000)]
  0x000000000ff67800 JavaThread "J3D-NotificationThread" [_thread_blocked, id=3584, stack(0x00000000134f0000,0x00000000135f0000)]
  0x000000001091e800 JavaThread "J3D-TimerThread" [_thread_blocked, id=10284, stack(0x00000000133f0000,0x00000000134f0000)]
  0x0000000010708000 JavaThread "J3D-RenderingAttributesStructureUpdateThread" [_thread_blocked, id=11932, stack(0x00000000131f0000,0x00000000132f0000)]
  0x0000000010769000 JavaThread "TimerQueue" daemon [_thread_blocked, id=8600, stack(0x0000000012ff0000,0x00000000130f0000)]
  0x000000001064f000 JavaThread "AWT-EventQueue-0" [_thread_blocked, id=6216, stack(0x0000000012ef0000,0x0000000012ff0000)]
  0x000000000fe29800 JavaThread "AWT-Shutdown" [_thread_blocked, id=2932, stack(0x00000000110f0000,0x00000000111f0000)]
  0x000000000fedc800 JavaThread "Java2D Disposer" daemon [_thread_blocked, id=9248, stack(0x0000000010ff0000,0x00000000110f0000)]
  0x000000000fbaa800 JavaThread "Service Thread" daemon [_thread_blocked, id=7624, stack(0x0000000010380000,0x0000000010480000)]
  0x000000000fbaa000 JavaThread "C2 CompilerThread1" daemon [_thread_blocked, id=1364, stack(0x0000000010280000,0x0000000010380000)]
  0x000000000fba5000 JavaThread "C2 CompilerThread0" daemon [_thread_blocked, id=1524, stack(0x0000000010180000,0x0000000010280000)]
  0x000000000fba4800 JavaThread "Attach Listener" daemon [_thread_blocked, id=2504, stack(0x0000000010080000,0x0000000010180000)]
  0x00000000030ae800 JavaThread "Signal Dispatcher" daemon [_thread_blocked, id=8116, stack(0x000000000ff80000,0x0000000010080000)]
  0x000000000dbc0800 JavaThread "Finalizer" daemon [_thread_blocked, id=8684, stack(0x000000000fa80000,0x000000000fb80000)]
  0x000000000dbb9000 JavaThread "Reference Handler" daemon [_thread_blocked, id=3704, stack(0x000000000f980000,0x000000000fa80000)]

Other Threads:
  0x000000000dbb5800 VMThread [stack: 0x000000000f880000,0x000000000f980000] [id=9304]
  0x000000000fbcb000 WatcherThread [stack: 0x0000000010480000,0x0000000010580000] [id=4440]

VM state:not at safepoint (normal execution)

VM Mutex/Monitor currently owned by a thread: None

Heap
 PSYoungGen      total 1015296K, used 112423K [0x00000007c1800000, 0x0000000800000000, 0x0000000800000000)
  eden space 1006592K, 10% used [0x00000007c1800000,0x00000007c7ebc2b0,0x00000007fef00000)
  from space 8704K, 82% used [0x00000007ff780000,0x00000007ffe8dd00,0x0000000800000000)
  to   space 8704K, 0% used [0x00000007fef00000,0x00000007fef00000,0x00000007ff780000)
 ParOldGen       total 2048000K, used 78645K [0x0000000744800000, 0x00000007c1800000, 0x00000007c1800000)
  object space 2048000K, 3% used [0x0000000744800000,0x00000007494cd558,0x00000007c1800000)
 PSPermGen       total 36352K, used 19641K [0x000000073f600000, 0x0000000741980000, 0x0000000744800000)
  object space 36352K, 54% used [0x000000073f600000,0x000000074092e438,0x0000000741980000)

Card table byte_map: [0x0000000006170000,0x0000000006780000] byte_map_base: 0x0000000002775000

Polling page: 0x0000000001330000

Code Cache  [0x00000000030b0000, 0x00000000034e0000, 0x00000000060b0000)
 total_blobs=1915 nmethods=1253 adapters=612 free_code_cache=44984Kb largest_free_block=45992768

Compilation events (10 events):
Event: 92.662 Thread 0x000000000fbaa000 1294             javax.media.j3d.Transform3D::mul (4213 bytes)
Event: 92.695 Thread 0x000000000fbaa000 nmethod 1294 0x00000000034cf450 code [0x00000000034cf680, 0x00000000034d1440]
Event: 92.833 Thread 0x000000000fba5000 1295             sun.java2d.SunGraphics2D::<init> (175 bytes)
Event: 92.833 Thread 0x000000000fbaa000 1296             sun.java2d.SunGraphics2D::setDevClip (21 bytes)
Event: 92.835 Thread 0x000000000fbaa000 nmethod 1296 0x00000000034c28d0 code [0x00000000034c2a20, 0x00000000034c2be8]
Event: 92.835 Thread 0x000000000fbaa000 1297             sun.java2d.SunGraphics2D::setDevClip (45 bytes)
Event: 92.836 Thread 0x000000000fbaa000 nmethod 1297 0x00000000034ad590 code [0x00000000034ad6e0, 0x00000000034ad8a8]
Event: 92.837 Thread 0x000000000fba5000 nmethod 1295 0x00000000034acc50 code [0x00000000034acde0, 0x00000000034ad228]
Event: 93.748 Thread 0x000000000fbaa000 1298             javax.media.j3d.MasterControl::setWork (10 bytes)
Event: 93.749 Thread 0x000000000fbaa000 nmethod 1298 0x00000000034c25d0 code [0x00000000034c2720, 0x00000000034c27a8]

GC Heap History (10 events):
Event: 91.071 GC heap before
{Heap before GC invocations=63 (full 1):
 PSYoungGen      total 1014784K, used 1012599K [0x00000007c1800000, 0x0000000800000000, 0x0000000800000000)
  eden space 1005568K, 100% used [0x00000007c1800000,0x00000007fee00000,0x00000007fee00000)
  from space 9216K, 76% used [0x00000007fee00000,0x00000007ff4ddca0,0x00000007ff700000)
  to   space 9216K, 0% used [0x00000007ff700000,0x00000007ff700000,0x0000000800000000)
 ParOldGen       total 2048000K, used 78613K [0x0000000744800000, 0x00000007c1800000, 0x00000007c1800000)
  object space 2048000K, 3% used [0x0000000744800000,0x00000007494c5558,0x00000007c1800000)
 PSPermGen       total 36352K, used 19631K [0x000000073f600000, 0x0000000741980000, 0x0000000744800000)
  object space 36352K, 54% used [0x000000073f600000,0x000000074092bda0,0x0000000741980000)
Event: 91.073 GC heap after
Heap after GC invocations=63 (full 1):
 PSYoungGen      total 1014784K, used 7219K [0x00000007c1800000, 0x0000000800000000, 0x0000000800000000)
  eden space 1005568K, 0% used [0x00000007c1800000,0x00000007c1800000,0x00000007fee00000)
  from space 9216K, 78% used [0x00000007ff700000,0x00000007ffe0cc40,0x0000000800000000)
  to   space 9216K, 0% used [0x00000007fee00000,0x00000007fee00000,0x00000007ff700000)
 ParOldGen       total 2048000K, used 78613K [0x0000000744800000, 0x00000007c1800000, 0x00000007c1800000)
  object space 2048000K, 3% used [0x0000000744800000,0x00000007494c5558,0x00000007c1800000)
 PSPermGen       total 36352K, used 19631K [0x000000073f600000, 0x0000000741980000, 0x0000000744800000)
  object space 36352K, 54% used [0x000000073f600000,0x000000074092bda0,0x0000000741980000)
}
Event: 92.225 GC heap before
{Heap before GC invocations=64 (full 1):
 PSYoungGen      total 1014784K, used 1012787K [0x00000007c1800000, 0x0000000800000000, 0x0000000800000000)
  eden space 1005568K, 100% used [0x00000007c1800000,0x00000007fee00000,0x00000007fee00000)
  from space 9216K, 78% used [0x00000007ff700000,0x00000007ffe0cc40,0x0000000800000000)
  to   space 9216K, 0% used [0x00000007fee00000,0x00000007fee00000,0x00000007ff700000)
 ParOldGen       total 2048000K, used 78613K [0x0000000744800000, 0x00000007c1800000, 0x00000007c1800000)
  object space 2048000K, 3% used [0x0000000744800000,0x00000007494c5558,0x00000007c1800000)
 PSPermGen       total 36352K, used 19633K [0x000000073f600000, 0x0000000741980000, 0x0000000744800000)
  object space 36352K, 54% used [0x000000073f600000,0x000000074092c410,0x0000000741980000)
Event: 92.227 GC heap after
Heap after GC invocations=64 (full 1):
 PSYoungGen      total 1014784K, used 6963K [0x00000007c1800000, 0x0000000800000000, 0x0000000800000000)
  eden space 1005568K, 0% used [0x00000007c1800000,0x00000007c1800000,0x00000007fee00000)
  from space 9216K, 75% used [0x00000007fee00000,0x00000007ff4ccc40,0x00000007ff700000)
  to   space 8704K, 0% used [0x00000007ff780000,0x00000007ff780000,0x0000000800000000)
 ParOldGen       total 2048000K, used 78621K [0x0000000744800000, 0x00000007c1800000, 0x00000007c1800000)
  object space 2048000K, 3% used [0x0000000744800000,0x00000007494c7558,0x00000007c1800000)
 PSPermGen       total 36352K, used 19633K [0x000000073f600000, 0x0000000741980000, 0x0000000744800000)
  object space 36352K, 54% used [0x000000073f600000,0x000000074092c410,0x0000000741980000)
}
Event: 93.371 GC heap before
{Heap before GC invocations=65 (full 1):
 PSYoungGen      total 1014784K, used 1012531K [0x00000007c1800000, 0x0000000800000000, 0x0000000800000000)
  eden space 1005568K, 100% used [0x00000007c1800000,0x00000007fee00000,0x00000007fee00000)
  from space 9216K, 75% used [0x00000007fee00000,0x00000007ff4ccc40,0x00000007ff700000)
  to   space 8704K, 0% used [0x00000007ff780000,0x00000007ff780000,0x0000000800000000)
 ParOldGen       total 2048000K, used 78621K [0x0000000744800000, 0x00000007c1800000, 0x00000007c1800000)
  object space 2048000K, 3% used [0x0000000744800000,0x00000007494c7558,0x00000007c1800000)
 PSPermGen       total 36352K, used 19635K [0x000000073f600000, 0x0000000741980000, 0x0000000744800000)
  object space 36352K, 54% used [0x000000073f600000,0x000000074092cc00,0x0000000741980000)
Event: 93.373 GC heap after
Heap after GC invocations=65 (full 1):
 PSYoungGen      total 1015296K, used 6425K [0x00000007c1800000, 0x0000000800000000, 0x0000000800000000)
  eden space 1006592K, 0% used [0x00000007c1800000,0x00000007c1800000,0x00000007fef00000)
  from space 8704K, 73% used [0x00000007ff780000,0x00000007ffdc6570,0x0000000800000000)
  to   space 8704K, 0% used [0x00000007fef00000,0x00000007fef00000,0x00000007ff780000)
 ParOldGen       total 2048000K, used 78629K [0x0000000744800000, 0x00000007c1800000, 0x00000007c1800000)
  object space 2048000K, 3% used [0x0000000744800000,0x00000007494c9558,0x00000007c1800000)
 PSPermGen       total 36352K, used 19635K [0x000000073f600000, 0x0000000741980000, 0x0000000744800000)
  object space 36352K, 54% used [0x000000073f600000,0x000000074092cc00,0x0000000741980000)
}
Event: 94.523 GC heap before
{Heap before GC invocations=66 (full 1):
 PSYoungGen      total 1015296K, used 1012272K [0x00000007c1800000, 0x0000000800000000, 0x0000000800000000)
  eden space 1006592K, 99% used [0x00000007c1800000,0x00000007fee45bd8,0x00000007fef00000)
  from space 8704K, 73% used [0x00000007ff780000,0x00000007ffdc6570,0x0000000800000000)
  to   space 8704K, 0% used [0x00000007fef00000,0x00000007fef00000,0x00000007ff780000)
 ParOldGen       total 2048000K, used 78629K [0x0000000744800000, 0x00000007c1800000, 0x00000007c1800000)
  object space 2048000K, 3% used [0x0000000744800000,0x00000007494c9558,0x00000007c1800000)
 PSPermGen       total 36352K, used 19636K [0x000000073f600000, 0x0000000741980000, 0x0000000744800000)
  object space 36352K, 54% used [0x000000073f600000,0x000000074092d238,0x0000000741980000)
Event: 94.526 GC heap after
Heap after GC invocations=66 (full 1):
 PSYoungGen      total 1015296K, used 7746K [0x00000007c1800000, 0x0000000800000000, 0x0000000800000000)
  eden space 1006592K, 0% used [0x00000007c1800000,0x00000007c1800000,0x00000007fef00000)
  from space 8704K, 88% used [0x00000007fef00000,0x00000007ff690890,0x00000007ff780000)
  to   space 8704K, 0% used [0x00000007ff780000,0x00000007ff780000,0x0000000800000000)
 ParOldGen       total 2048000K, used 78637K [0x0000000744800000, 0x00000007c1800000, 0x00000007c1800000)
  object space 2048000K, 3% used [0x0000000744800000,0x00000007494cb558,0x00000007c1800000)
 PSPermGen       total 36352K, used 19636K [0x000000073f600000, 0x0000000741980000, 0x0000000744800000)
  object space 36352K, 54% used [0x000000073f600000,0x000000074092d238,0x0000000741980000)
}
Event: 95.713 GC heap before
{Heap before GC invocations=67 (full 1):
 PSYoungGen      total 1015296K, used 1014338K [0x00000007c1800000, 0x0000000800000000, 0x0000000800000000)
  eden space 1006592K, 100% used [0x00000007c1800000,0x00000007fef00000,0x00000007fef00000)
  from space 8704K, 88% used [0x00000007fef00000,0x00000007ff690890,0x00000007ff780000)
  to   space 8704K, 0% used [0x00000007ff780000,0x00000007ff780000,0x0000000800000000)
 ParOldGen       total 2048000K, used 78637K [0x0000000744800000, 0x00000007c1800000, 0x00000007c1800000)
  object space 2048000K, 3% used [0x0000000744800000,0x00000007494cb558,0x00000007c1800000)
 PSPermGen       total 36352K, used 19641K [0x000000073f600000, 0x0000000741980000, 0x0000000744800000)
  object space 36352K, 54% used [0x000000073f600000,0x000000074092e438,0x0000000741980000)
Event: 95.716 GC heap after
Heap after GC invocations=67 (full 1):
 PSYoungGen      total 1015296K, used 7223K [0x00000007c1800000, 0x0000000800000000, 0x0000000800000000)
  eden space 1006592K, 0% used [0x00000007c1800000,0x00000007c1800000,0x00000007fef00000)
  from space 8704K, 82% used [0x00000007ff780000,0x00000007ffe8dd00,0x0000000800000000)
  to   space 8704K, 0% used [0x00000007fef00000,0x00000007fef00000,0x00000007ff780000)
 ParOldGen       total 2048000K, used 78645K [0x0000000744800000, 0x00000007c1800000, 0x00000007c1800000)
  object space 2048000K, 3% used [0x0000000744800000,0x00000007494cd558,0x00000007c1800000)
 PSPermGen       total 36352K, used 19641K [0x000000073f600000, 0x0000000741980000, 0x0000000744800000)
  object space 36352K, 54% used [0x000000073f600000,0x000000074092e438,0x0000000741980000)
}

Deoptimization events (10 events):
Event: 66.575 Thread 0x000000001064f000 Uncommon trap: reason=class_check action=maybe_recompile pc=0x0000000003411704 method=java.awt.EventQueue.coalesceEvent(Ljava/awt/AWTEvent;I)Z @ 77
Event: 66.617 Thread 0x000000001064f000 Uncommon trap: reason=class_check action=maybe_recompile pc=0x0000000003411704 method=java.awt.EventQueue.coalesceEvent(Ljava/awt/AWTEvent;I)Z @ 77
Event: 66.624 Thread 0x000000001064f000 Uncommon trap: reason=class_check action=maybe_recompile pc=0x0000000003411704 method=java.awt.EventQueue.coalesceEvent(Ljava/awt/AWTEvent;I)Z @ 77
Event: 66.639 Thread 0x000000001064f000 Uncommon trap: reason=class_check action=maybe_recompile pc=0x000000000340406c method=java.awt.EventQueue.coalesceEvent(Ljava/awt/AWTEvent;I)Z @ 77
Event: 66.643 Thread 0x000000001064f000 Uncommon trap: reason=class_check action=maybe_recompile pc=0x0000000003402aac method=java.awt.EventQueue.coalesceEvent(Ljava/awt/AWTEvent;I)Z @ 77
Event: 67.215 Thread 0x0000000015861800 Uncommon trap: reason=unreached action=reinterpret pc=0x000000000343bd48 method=javax.media.j3d.RenderBin.processTransformChanged(J)V @ 855
Event: 77.805 Thread 0x0000000015861800 Uncommon trap: reason=array_check action=maybe_recompile pc=0x00000000032f7060 method=javax.media.j3d.IndexedUnorderSet.add(Ljavax/media/j3d/IndexedObject;)V @ 81
Event: 77.805 Thread 0x0000000015861800 Uncommon trap: reason=array_check action=maybe_recompile pc=0x00000000032f7060 method=javax.media.j3d.IndexedUnorderSet.add(Ljavax/media/j3d/IndexedObject;)V @ 81
Event: 77.805 Thread 0x0000000015861800 Uncommon trap: reason=array_check action=maybe_recompile pc=0x00000000032f7060 method=javax.media.j3d.IndexedUnorderSet.add(Ljavax/media/j3d/IndexedObject;)V @ 81
Event: 77.805 Thread 0x0000000015861800 Uncommon trap: reason=array_check action=maybe_recompile pc=0x00000000032f7060 method=javax.media.j3d.IndexedUnorderSet.add(Ljavax/media/j3d/IndexedObject;)V @ 81

Internal exceptions (10 events):
Event: 8.026 Thread 0x0000000015860800 Threw 0x00000007d36ebed0 at C:\re\jdk7u76\1941\hotspot\src\share\vm\prims\jvm.cpp:1304
Event: 8.779 Thread 0x000000001064f000 Implicit null exception at 0x00000000031fdb34 to 0x00000000031fde18
Event: 11.031 Thread 0x0000000010a9c000 Implicit null exception at 0x0000000003264c2d to 0x0000000003265009
Event: 11.232 Thread 0x000000001064f000 Implicit null exception at 0x0000000003240134 to 0x000000000324038d
Event: 11.289 Thread 0x000000001064f000 Implicit null exception at 0x000000000321d042 to 0x000000000321f319
Event: 11.289 Thread 0x000000001064f000 Threw 0x00000007dc55a8e0 at C:\re\jdk7u76\1941\hotspot\src\share\vm\prims\jvm.cpp:1308
Event: 11.289 Thread 0x000000001064f000 Threw 0x00000007dc55a8e0 at C:\re\jdk7u76\1941\hotspot\src\share\vm\prims\jvm.cpp:1308
Event: 21.030 Thread 0x0000000010a9c000 Implicit null exception at 0x0000000003335adb to 0x00000000033380c9
Event: 31.041 Thread 0x000000001064f000 Implicit null exception at 0x000000000332033f to 0x00000000033205cd
Event: 31.159 Thread 0x000000001064f000 Implicit null exception at 0x00000000032e4fb9 to 0x00000000032e7801

Events (10 events):
Event: 95.687 Thread 0x0000000010a9b800 Thread added: 0x0000000010a9b800
Event: 95.687 Thread 0x0000000010a9a800 Thread added: 0x0000000010a9a800
Event: 95.687 Thread 0x0000000010a9b800 Thread exited: 0x0000000010a9b800
Event: 95.687 Thread 0x0000000010a9d800 Thread exited: 0x0000000010a9d800
Event: 95.687 Thread 0x000000001585d000 Thread exited: 0x000000001585d000
Event: 95.687 loading class 0x000000000fbe5da0
Event: 95.687 loading class 0x000000000fbe5da0 done
Event: 95.713 Executing VM operation: ParallelGCFailedAllocation
Event: 95.716 Executing VM operation: ParallelGCFailedAllocation done
Event: 95.724 Thread 0x000000000fea8000 Thread exited: 0x000000000fea8000


Dynamic libraries:
0x00007ff68a380000 - 0x00007ff68a3b3000 	C:\Program Files\Java\jre7\bin\javaw.exe
0x00007ffb51770000 - 0x00007ffb5191c000 	C:\Windows\SYSTEM32\ntdll.dll
0x00007ffb4f1f0000 - 0x00007ffb4f32e000 	C:\Windows\system32\KERNEL32.DLL
0x00007ffb4e990000 - 0x00007ffb4eaa5000 	C:\Windows\system32\KERNELBASE.dll
0x00007ffb4d460000 - 0x00007ffb4d4ee000 	C:\Windows\system32\apphelp.dll
0x00007ffb4c750000 - 0x00007ffb4c7a3000 	C:\Windows\AppPatch\AppPatch64\AcGenral.DLL
0x00007ffb50f40000 - 0x00007ffb50fea000 	C:\Windows\system32\msvcrt.dll
0x00007ffb4e690000 - 0x00007ffb4e6be000 	C:\Windows\SYSTEM32\SspiCli.dll
0x00007ffb4f5f0000 - 0x00007ffb4f644000 	C:\Windows\system32\SHLWAPI.dll
0x00007ffb50be0000 - 0x00007ffb50d57000 	C:\Windows\system32\USER32.dll
0x00007ffb4f3f0000 - 0x00007ffb4f584000 	C:\Windows\system32\ole32.dll
0x00007ffb4f650000 - 0x00007ffb50b68000 	C:\Windows\system32\SHELL32.dll
0x00007ffb4de60000 - 0x00007ffb4de81000 	C:\Windows\SYSTEM32\USERENV.dll
0x00007ffb4ef60000 - 0x00007ffb4f00a000 	C:\Windows\system32\ADVAPI32.dll
0x00007ffb3e3e0000 - 0x00007ffb3e3fe000 	C:\Windows\SYSTEM32\MPR.dll
0x00007ffb4edf0000 - 0x00007ffb4ef31000 	C:\Windows\system32\RPCRT4.dll
0x00007ffb51490000 - 0x00007ffb514e9000 	C:\Windows\SYSTEM32\sechost.dll
0x00007ffb51550000 - 0x00007ffb51761000 	C:\Windows\SYSTEM32\combase.dll
0x00007ffb50d80000 - 0x00007ffb50ed1000 	C:\Windows\system32\GDI32.dll
0x00007ffb4e8c0000 - 0x00007ffb4e8d5000 	C:\Windows\SYSTEM32\profapi.dll
0x00007ffb4ce30000 - 0x00007ffb4cee2000 	C:\Windows\SYSTEM32\SHCORE.dll
0x00007ffb50f00000 - 0x00007ffb50f36000 	C:\Windows\system32\IMM32.DLL
0x00007ffb50ff0000 - 0x00007ffb51142000 	C:\Windows\system32\MSCTF.dll
0x00007ffb4b3b0000 - 0x00007ffb4b62a000 	C:\Windows\WinSxS\amd64_microsoft.windows.common-controls_6595b64144ccf1df_6.0.9600.17810_none_6240b9c7ecbd0bda\COMCTL32.dll
0x0000000061e50000 - 0x0000000061f22000 	C:\Program Files\Java\jre7\bin\msvcr100.dll
0x0000000061670000 - 0x0000000061e45000 	C:\Program Files\Java\jre7\bin\server\jvm.dll
0x00007ffb40a50000 - 0x00007ffb40a59000 	C:\Windows\SYSTEM32\WSOCK32.dll
0x00007ffb4a470000 - 0x00007ffb4a492000 	C:\Windows\SYSTEM32\WINMM.dll
0x00007ffb50ee0000 - 0x00007ffb50ee7000 	C:\Windows\system32\PSAPI.DLL
0x00007ffb514f0000 - 0x00007ffb5154a000 	C:\Windows\system32\WS2_32.dll
0x00007ffb4a430000 - 0x00007ffb4a45a000 	C:\Windows\SYSTEM32\WINMMBASE.dll
0x00007ffb50d60000 - 0x00007ffb50d69000 	C:\Windows\system32\NSI.dll
0x00007ffb4ebc0000 - 0x00007ffb4ec0f000 	C:\Windows\SYSTEM32\cfgmgr32.dll
0x00007ffb4d6d0000 - 0x00007ffb4d6f8000 	C:\Windows\SYSTEM32\DEVOBJ.dll
0x0000000062070000 - 0x000000006207f000 	C:\Program Files\Java\jre7\bin\verify.dll
0x0000000062040000 - 0x0000000062068000 	C:\Program Files\Java\jre7\bin\java.dll
0x0000000062020000 - 0x0000000062035000 	C:\Program Files\Java\jre7\bin\zip.dll
0x0000000060840000 - 0x00000000609d5000 	C:\Program Files\Java\jre7\bin\awt.dll
0x00007ffb51150000 - 0x00007ffb51211000 	C:\Windows\system32\OLEAUT32.dll
0x00007ffb4cc30000 - 0x00007ffb4cc51000 	C:\Windows\system32\DWMAPI.DLL
0x00007ffb4d530000 - 0x00007ffb4d659000 	C:\Windows\system32\uxtheme.dll
0x00007ffb4d700000 - 0x00007ffb4d70b000 	C:\Windows\SYSTEM32\kernel.appcore.dll
0x00007ffb4e790000 - 0x00007ffb4e79b000 	C:\Windows\SYSTEM32\CRYPTBASE.dll
0x00007ffb4e720000 - 0x00007ffb4e783000 	C:\Windows\SYSTEM32\bcryptPrimitives.dll
0x00007ffb4a4a0000 - 0x00007ffb4a4aa000 	C:\Windows\SYSTEM32\VERSION.dll
0x00007ffb4e860000 - 0x00007ffb4e8a6000 	C:\Windows\system32\powrprof.dll
0x00000000607f0000 - 0x0000000060837000 	C:\Program Files\Java\jre7\bin\fontmanager.dll
0x0000000061650000 - 0x000000006166a000 	C:\Program Files\Java\jre7\bin\net.dll
0x00007ffb4e0d0000 - 0x00007ffb4e129000 	C:\Windows\system32\mswsock.dll
0x0000000061630000 - 0x0000000061641000 	C:\Program Files\Java\jre7\bin\nio.dll
0x00000000607a0000 - 0x00000000607e1000 	C:\Program Files\Java\jre7\bin\t2k.dll
0x0000000060770000 - 0x00000000607a0000 	C:\Program Files\Java\jre7\bin\jpeg.dll
0x00000000615a0000 - 0x00000000615a7000 	C:\Program Files\Java\jre7\bin\jawt.dll
0x0000000011440000 - 0x000000001147e000 	C:\Windows\System32\j3dcore-ogl.dll
0x00007ffb2e000000 - 0x00007ffb2e12b000 	C:\Windows\SYSTEM32\OPENGL32.dll
0x00007ffb48380000 - 0x00007ffb483ae000 	C:\Windows\SYSTEM32\GLU32.dll
0x00007ffb2df00000 - 0x00007ffb2dff8000 	C:\Windows\SYSTEM32\DDRAW.dll
0x00007ffb4cef0000 - 0x00007ffb4cef9000 	C:\Windows\SYSTEM32\DCIMAN32.dll
0x000000005e660000 - 0x0000000060391000 	C:\Windows\SYSTEM32\nvoglv64.DLL
0x00007ffb4f010000 - 0x00007ffb4f1ea000 	C:\Windows\system32\SETUPAPI.dll
0x00007ffb4eab0000 - 0x00007ffb4eb01000 	C:\Windows\system32\WINTRUST.dll
0x00007ffb4ec10000 - 0x00007ffb4edef000 	C:\Windows\system32\CRYPT32.dll
0x00007ffb4e970000 - 0x00007ffb4e981000 	C:\Windows\system32\MSASN1.dll
0x00007ffb49710000 - 0x00007ffb49742000 	C:\Windows\SYSTEM32\ntmarta.dll
0x00007ffb513d0000 - 0x00007ffb51486000 	C:\Windows\SYSTEM32\clbcatq.dll
0x00007ffb49e20000 - 0x00007ffb49fce000 	C:\Windows\SYSTEM32\WindowsCodecs.dll
0x00007ffb4e130000 - 0x00007ffb4e150000 	C:\Windows\SYSTEM32\CRYPTSP.dll
0x00007ffb4dd50000 - 0x00007ffb4dd86000 	C:\Windows\system32\rsaenh.dll
0x00007ffb4e380000 - 0x00007ffb4e3a6000 	C:\Windows\SYSTEM32\bcrypt.dll
0x00007ffb4f330000 - 0x00007ffb4f3e6000 	C:\Windows\system32\COMDLG32.dll
0x00007ffb484a0000 - 0x00007ffb4861f000 	C:\Windows\system32\propsys.dll
0x00007ffb3bb30000 - 0x00007ffb3bbea000 	C:\Windows\SYSTEM32\ntshrui.dll
0x00007ffb4e4a0000 - 0x00007ffb4e4c6000 	C:\Windows\SYSTEM32\srvcli.dll
0x00007ffb41970000 - 0x00007ffb41982000 	C:\Windows\SYSTEM32\cscapi.dll
0x00007ffb3fec0000 - 0x00007ffb3ff7c000 	C:\Windows\System32\StructuredQuery.dll
0x00007ffb40750000 - 0x00007ffb40a10000 	C:\Windows\System32\actxprxy.dll
0x00007ffb3e180000 - 0x00007ffb3e2bc000 	C:\Windows\system32\SearchFolder.dll
0x00007ffb456b0000 - 0x00007ffb45714000 	C:\Windows\SYSTEM32\mscoree.dll
0x00007ffb45610000 - 0x00007ffb456ad000 	C:\Windows\Microsoft.NET\Framework64\v4.0.30319\mscoreei.dll
0x00007ffb4e7a0000 - 0x00007ffb4e839000 	C:\Windows\SYSTEM32\sxs.dll
0x00007ffb36400000 - 0x00007ffb36d7c000 	C:\Windows\Microsoft.NET\Framework64\v4.0.30319\clr.dll
0x00007ffb36320000 - 0x00007ffb363f6000 	C:\Windows\SYSTEM32\MSVCR120_CLR0400.dll
0x00007ffb34d80000 - 0x00007ffb3630d000 	C:\Windows\assembly\NativeImages_v4.0.30319_64\mscorlib\a20cafac04a2e9b3bcb5ec4d674775e5\mscorlib.ni.dll
0x000000001a4a0000 - 0x000000001a4aa000 	C:\Program Files (x86)\Dell Backup and Recovery\Components\Shell\DBROverlayIcon.dll
0x00007ffb34c50000 - 0x00007ffb34d7f000 	C:\Windows\Microsoft.NET\Framework64\v4.0.30319\clrjit.dll
0x000000001ad90000 - 0x000000001ada2000 	C:\Program Files (x86)\Dell Backup and Recovery\Components\Shell\STCommonShellIntegration.dll
0x00007ffb33810000 - 0x00007ffb34487000 	C:\Windows\assembly\NativeImages_v4.0.30319_64\System\6d840e78f9d7168f448d9153f773f5bf\System.ni.dll
0x000000001adf0000 - 0x000000001ae26000 	C:\Program Files (x86)\Dell Backup and Recovery\Components\Shell\System.Data.SQLite.dll
0x00007ffb30e80000 - 0x00007ffb317dd000 	C:\Windows\assembly\NativeImages_v4.0.30319_64\System.Core\4ed1137a5fca2b4c293bbc6e37565fa4\System.Core.ni.dll
0x00007ffb256a0000 - 0x00007ffb25f5f000 	C:\Windows\assembly\NativeImages_v4.0.30319_64\System.Data\1e581b1a536dcff4d18e43646add4932\System.Data.ni.dll
0x00007ffb2a310000 - 0x00007ffb2a62d000 	C:\Windows\Microsoft.Net\assembly\GAC_64\System.Data\v4.0_4.0.0.0__b77a5c561934e089\System.Data.dll
0x00007ffb2dde0000 - 0x00007ffb2debd000 	C:\Windows\assembly\NativeImages_v4.0.30319_64\System.Transactions\f405f95fe25702e9c941b0b09a878b63\System.Transactions.ni.dll
0x00007ffb3e590000 - 0x00007ffb3e5d9000 	C:\Windows\Microsoft.Net\assembly\GAC_64\System.Transactions\v4.0_4.0.0.0__b77a5c561934e089\System.Transactions.dll
0x00007ffb387e0000 - 0x00007ffb388df000 	C:\Program Files (x86)\Dell Backup and Recovery\Components\Shell\SQLite.Interop.dll
0x00007ffb2ca80000 - 0x00007ffb2cbaf000 	C:\Windows\assembly\NativeImages_v4.0.30319_64\System.Configuration\a4ccce7cbff2629d0a2b4f3747159771\System.Configuration.ni.dll
0x00007ffb2bcb0000 - 0x00007ffb2c65b000 	C:\Windows\assembly\NativeImages_v4.0.30319_64\System.Xml\dfb82b735595b95993593539d5d86438\System.Xml.ni.dll
0x00007ffb33650000 - 0x00007ffb3375d000 	C:\Windows\assembly\NativeImages_v4.0.30319_64\System.Ente96d83b35#\22962e1188d01856dfadb66047302083\System.EnterpriseServices.ni.dll
0x00007ffb47170000 - 0x00007ffb471cc000 	C:\Windows\assembly\NativeImages_v4.0.30319_64\System.Ente96d83b35#\22962e1188d01856dfadb66047302083\System.EnterpriseServices.Wrapper.dll
0x00007ffb4a4b0000 - 0x00007ffb4a4d5000 	C:\Windows\Microsoft.Net\assembly\GAC_64\System.EnterpriseServices\v4.0_4.0.0.0__b03f5f7f11d50a3a\System.EnterpriseServices.Wrapper.dll
0x000000001ad60000 - 0x000000001ad6a000 	C:\Program Files (x86)\Dell Backup and Recovery\Components\Shell\DBROverlayNotBackuped.dll
0x00007ffb475e0000 - 0x00007ffb47617000 	C:\Windows\System32\EhStorShell.dll
0x00007ffb3c890000 - 0x00007ffb3c93c000 	C:\Windows\System32\cscui.dll
0x00007ffb4cf00000 - 0x00007ffb4cf0d000 	C:\Windows\System32\CSCDLL.dll
0x00007ffb36f20000 - 0x00007ffb36f45000 	C:\Windows\system32\mssprxy.dll
0x00007ffb49940000 - 0x00007ffb49ac9000 	C:\Windows\SYSTEM32\dbghelp.dll

VM Arguments:
jvm_args: -Xms3000m -Dfile.encoding=MS932 
java_command: main.Main
Launcher Type: SUN_STANDARD

Environment Variables:
PATH=INTEL_DEV_REDISTredist\intel64\mpirt;INTEL_DEV_REDISTredist\ia32\mpirt;INTEL_DEV_REDISTredist\intel64\compiler;INTEL_DEV_REDISTredist\ia32\compiler;c:\Program Files (x86)\Intel\iCLS Client\;c:\Program Files\Intel\iCLS Client\;C:\Windows\system32;C:\Windows;C:\Windows\System32\Wbem;C:\Windows\System32\WindowsPowerShell\v1.0\;C:\Program Files\Intel\Intel(R) Management Engine Components\DAL;C:\Program Files\Intel\Intel(R) Management Engine Components\IPT;C:\Program Files (x86)\Intel\Intel(R) Management Engine Components\DAL;C:\Program Files (x86)\Intel\Intel(R) Management Engine Components\IPT;C:\Program Files (x86)\Windows Kits\8.1\Windows Performance Toolkit\;C:\Program Files\Microsoft SQL Server\110\Tools\Binn\;C:\Program Files (x86)\GitExtensions\;C:\MinGW\bin;
USERNAME=Hassan Ebrahimi
OS=Windows_NT
PROCESSOR_IDENTIFIER=Intel64 Family 6 Model 60 Stepping 3, GenuineIntel



---------------  S Y S T E M  ---------------

OS: Windows 8.1 , 64 bit Build 9600 

CPU:total 8 (4 cores per cpu, 2 threads per core) family 6 model 60 stepping 3, cmov, cx8, fxsr, mmx, sse, sse2, sse3, ssse3, sse4.1, sse4.2, popcnt, avx, avx2, aes, erms, ht, tsc, tscinvbit

Memory: 4k page, physical 8338356k(1222568k free), swap 15131840k(6630024k free)

vm_info: Java HotSpot(TM) 64-Bit Server VM (24.76-b04) for windows-amd64 JRE (1.7.0_76-b13), built on Dec 18 2014 16:31:25 by "java_re" with unknown MS VC++:1600

time: Fri Jul 10 16:37:08 2015
elapsed time: 95 seconds

