#
# A fatal error has been detected by the Java Runtime Environment:
#
#  EXCEPTION_ACCESS_VIOLATION (0xc0000005) at pc=0x000000005f142c08, pid=5640, tid=11300
#
# JRE version: Java(TM) SE Runtime Environment (7.0_76-b13) (build 1.7.0_76-b13)
# Java VM: Java HotSpot(TM) 64-Bit Server VM (24.76-b04 mixed mode windows-amd64 compressed oops)
# Problematic frame:
# C  [nvoglv64.DLL+0x8a2c08]
#
# Failed to write core dump. Minidumps are not enabled by default on client versions of Windows
#
# If you would like to submit a bug report, please visit:
#   http://bugreport.java.com/bugreport/crash.jsp
# The crash happened outside the Java Virtual Machine in native code.
# See problematic frame for where to report the bug.
#

---------------  T H R E A D  ---------------

Current thread (0x000000000fd97000):  JavaThread "J3D-Renderer-1" [_thread_in_native, id=11300, stack(0x0000000012e10000,0x0000000012f10000)]

siginfo: ExceptionCode=0xc0000005, reading address 0x0000000000000004

Registers:
RAX=0x0000000000000000, RBX=0x0000000000000000, RCX=0x000000001341f080, RDX=0x00000000000000d2
RSP=0x0000000012f0ec50, RBP=0x0000000000000000, RSI=0x0000000010cf2180, RDI=0x000000001341f080
R8 =0x0000000000000002, R9 =0x00000000240111ef, R10=0x0000000000000000, R11=0x0000000000000246
R12=0x0000000000000000, R13=0x0000000000002c24, R14=0x0000000000000002, R15=0x00007ffb36e1b7a0
RIP=0x000000005f142c08, EFLAGS=0x0000000000010246

Top of Stack: (sp=0x0000000012f0ec50)
0x0000000012f0ec50:   000000001341f080 000000005f31973c
0x0000000012f0ec60:   000000001341f080 0000000013b50200
0x0000000012f0ec70:   000000001341f080 000000001341f080
0x0000000012f0ec80:   0000000013b50200 000000005f30345d
0x0000000012f0ec90:   0000000000000000 00000000240111ef
0x0000000012f0eca0:   0000000013b50200 0000000000001608
0x0000000012f0ecb0:   0000000013b50220 0000000000000001
0x0000000012f0ecc0:   0000000000000000 0000000012f0ed70
0x0000000012f0ecd0:   00007ffb36eeaab0 0000000000020000
0x0000000012f0ece0:   0000000013b50220 0000000000000002
0x0000000012f0ecf0:   000000005f3030a0 00007ffb36e1bbe6
0x0000000012f0ed00:   0000000000000003 0000000013b50220
0x0000000012f0ed10:   00007ffb36e1b7a0 0000000000000001
0x0000000012f0ed20:   0000000012f0eee0 000000000fd97000
0x0000000012f0ed30:   00000000240111ef 0000000000020000
0x0000000012f0ed40:   0000000000000003 00007ffb36e1bf21 

Instructions: (pc=0x000000005f142c08)
0x000000005f142be8:   8b b1 c8 00 00 00 48 8b f9 48 85 f6 0f 84 7d 04
0x000000005f142bf8:   00 00 48 8b 86 30 fa 04 00 48 89 6c 24 48 33 ed
0x000000005f142c08:   44 8b 40 04 ff 81 f0 6b 1a 00 4c 89 74 24 50 4c
0x000000005f142c18:   89 7c 24 20 44 8d 75 01 75 2b 8b cd 48 8d 97 c0 


Register to memory mapping:

RAX=0x0000000000000000 is an unknown value
RBX=0x0000000000000000 is an unknown value
RCX=0x000000001341f080 is an unknown value
RDX=0x00000000000000d2 is an unknown value
RSP=0x0000000012f0ec50 is pointing into the stack for thread: 0x000000000fd97000
RBP=0x0000000000000000 is an unknown value
RSI=0x0000000010cf2180 is an unknown value
RDI=0x000000001341f080 is an unknown value
R8 =0x0000000000000002 is an unknown value
R9 =0x00000000240111ef is an unknown value
R10=0x0000000000000000 is an unknown value
R11=0x0000000000000246 is an unknown value
R12=0x0000000000000000 is an unknown value
R13=0x0000000000002c24 is an unknown value
R14=0x0000000000000002 is an unknown value
R15=0x00007ffb36e1b7a0 is an unknown value


Stack: [0x0000000012e10000,0x0000000012f10000],  sp=0x0000000012f0ec50,  free space=1019k
Native frames: (J=compiled Java code, j=interpreted, Vv=VM code, C=native code)
C  [nvoglv64.DLL+0x8a2c08]

[error occurred during error reporting (printing native stack), id 0xc0000005]

Java frames: (J=compiled Java code, j=interpreted, Vv=VM code)
j  javax.media.j3d.NativePipeline.useCtx(JJJ)Z+0
j  javax.media.j3d.NativePipeline.useCtx(Ljavax/media/j3d/Context;JLjavax/media/j3d/Drawable;)Z+43
j  javax.media.j3d.Canvas3D.useCtx(Ljavax/media/j3d/Context;JLjavax/media/j3d/Drawable;)Z+6
j  javax.media.j3d.Canvas3D.makeCtxCurrent(Ljavax/media/j3d/Context;JLjavax/media/j3d/Drawable;)V+51
j  javax.media.j3d.Canvas3D.makeCtxCurrent()V+16
j  javax.media.j3d.Renderer.doWork(J)V+4028
j  javax.media.j3d.J3dThread.run()V+19
v  ~StubRoutines::call_stub

---------------  P R O C E S S  ---------------

Java Threads: ( => current thread )
  0x000000000fe8a000 JavaThread "Thread-0" daemon [_thread_in_native, id=10292, stack(0x0000000014500000,0x0000000014600000)]
  0x000000000fe89000 JavaThread "Thread-6" [_thread_in_Java, id=5736, stack(0x0000000012690000,0x0000000012790000)]
  0x000000000fe87800 JavaThread "J3D-InputDeviceScheduler-1" [_thread_blocked, id=6768, stack(0x00000000162d0000,0x00000000163d0000)]
  0x000000000feb3000 JavaThread "J3D-SoundSchedulerUpdateThread-1" [_thread_blocked, id=11216, stack(0x00000000161d0000,0x00000000162d0000)]
  0x000000000feb2800 JavaThread "J3D-RenderStructureUpdateThread-1" [_thread_blocked, id=8580, stack(0x00000000160d0000,0x00000000161d0000)]
  0x000000000feb1800 JavaThread "J3D-BehaviorScheduler-1" [_thread_blocked, id=3332, stack(0x0000000015fd0000,0x00000000160d0000)]
  0x000000000feb1000 JavaThread "J3D-TransformStructureUpdateThread-1" [_thread_blocked, id=10860, stack(0x0000000015ed0000,0x0000000015fd0000)]
  0x000000000fead000 JavaThread "J3D-RenderingEnvironmentStructureUpdateThread-1" [_thread_blocked, id=6852, stack(0x0000000015dd0000,0x0000000015ed0000)]
  0x000000000feb0000 JavaThread "J3D-SoundStructureUpdateThread-1" [_thread_blocked, id=7072, stack(0x0000000015cd0000,0x0000000015dd0000)]
  0x000000000feac800 JavaThread "J3D-GeometryStructureUpdateThread-1" [_thread_blocked, id=13176, stack(0x0000000015bd0000,0x0000000015cd0000)]
  0x000000000feaf800 JavaThread "J3D-BehaviorStructureUpdateThread-1" [_thread_blocked, id=3604, stack(0x0000000015ad0000,0x0000000015bd0000)]
  0x000000000feae000 JavaThread "DestroyJavaVM" [_thread_blocked, id=12360, stack(0x00000000009c0000,0x0000000000ac0000)]
=>0x000000000fd97000 JavaThread "J3D-Renderer-1" [_thread_in_native, id=11300, stack(0x0000000012e10000,0x0000000012f10000)]
  0x000000000fd90000 JavaThread "J3D-MasterControl-1" [_thread_blocked, id=12896, stack(0x0000000012c10000,0x0000000012d10000)]
  0x000000000fd8f000 JavaThread "J3D-NotificationThread" [_thread_blocked, id=8784, stack(0x0000000012b10000,0x0000000012c10000)]
  0x000000000f5a5000 JavaThread "J3D-TimerThread" [_thread_blocked, id=12080, stack(0x0000000012a10000,0x0000000012b10000)]
  0x000000000fda4000 JavaThread "J3D-RenderingAttributesStructureUpdateThread" [_thread_blocked, id=12444, stack(0x0000000012910000,0x0000000012a10000)]
  0x000000000f5ce800 JavaThread "TimerQueue" daemon [_thread_blocked, id=11204, stack(0x0000000012590000,0x0000000012690000)]
  0x000000000fc3c000 JavaThread "AWT-EventQueue-0" [_thread_blocked, id=11280, stack(0x0000000010a90000,0x0000000010b90000)]
  0x000000000f3ee000 JavaThread "AWT-Shutdown" [_thread_blocked, id=12132, stack(0x0000000010790000,0x0000000010890000)]
  0x000000000f3ed800 JavaThread "Java2D Disposer" daemon [_thread_blocked, id=12156, stack(0x0000000010690000,0x0000000010790000)]
  0x000000000231e000 JavaThread "Service Thread" daemon [_thread_blocked, id=5560, stack(0x000000000f9e0000,0x000000000fae0000)]
  0x000000000231d800 JavaThread "C2 CompilerThread1" daemon [_thread_blocked, id=5356, stack(0x000000000f8e0000,0x000000000f9e0000)]
  0x000000000f20b000 JavaThread "C2 CompilerThread0" daemon [_thread_blocked, id=12440, stack(0x000000000f7e0000,0x000000000f8e0000)]
  0x000000000f206000 JavaThread "Attach Listener" daemon [_thread_blocked, id=12920, stack(0x000000000f6e0000,0x000000000f7e0000)]
  0x0000000002311000 JavaThread "Signal Dispatcher" daemon [_thread_blocked, id=13280, stack(0x000000000f5e0000,0x000000000f6e0000)]
  0x000000000d1f0000 JavaThread "Finalizer" daemon [_thread_blocked, id=12472, stack(0x000000000f0e0000,0x000000000f1e0000)]
  0x000000000d1e9800 JavaThread "Reference Handler" daemon [_thread_blocked, id=1404, stack(0x000000000efe0000,0x000000000f0e0000)]

Other Threads:
  0x000000000d1e6000 VMThread [stack: 0x000000000eee0000,0x000000000efe0000] [id=13100]
  0x000000000f231800 WatcherThread [stack: 0x000000000fae0000,0x000000000fbe0000] [id=12008]

VM state:not at safepoint (normal execution)

VM Mutex/Monitor currently owned by a thread: None

Heap
 PSYoungGen      total 972288K, used 218033K [0x00000007c1800000, 0x0000000800000000, 0x0000000800000000)
  eden space 844288K, 21% used [0x00000007c1800000,0x00000007ccc08678,0x00000007f5080000)
  from space 128000K, 26% used [0x00000007f8300000,0x00000007fa3e4088,0x0000000800000000)
  to   space 51712K, 0% used [0x00000007f5080000,0x00000007f5080000,0x00000007f8300000)
 ParOldGen       total 2048000K, used 4280K [0x0000000744800000, 0x00000007c1800000, 0x00000007c1800000)
  object space 2048000K, 0% used [0x0000000744800000,0x0000000744c2e1b0,0x00000007c1800000)
 PSPermGen       total 36352K, used 19068K [0x000000073f600000, 0x0000000741980000, 0x0000000744800000)
  object space 36352K, 52% used [0x000000073f600000,0x000000074089f1f8,0x0000000741980000)

Card table byte_map: [0x00000000057a0000,0x0000000005db0000] byte_map_base: 0x0000000001da5000

Polling page: 0x0000000000ac0000

Code Cache  [0x00000000026e0000, 0x0000000002950000, 0x00000000056e0000)
 total_blobs=1209 nmethods=551 adapters=610 free_code_cache=47169Kb largest_free_block=48241408

Compilation events (10 events):
Event: 12.093 Thread 0x000000000f20b000 nmethod 564 0x00000000028ca390 code [0x00000000028ca4c0, 0x00000000028ca538]
Event: 12.095 Thread 0x000000000231d800 nmethod 562 0x00000000028cac50 code [0x00000000028cae20, 0x00000000028cb3b0]
Event: 12.103 Thread 0x000000000f20b000  565  s          javax.media.j3d.J3dMessage::incRefcount (11 bytes)
Event: 12.104 Thread 0x000000000f20b000 nmethod 565 0x00000000028c9fd0 code [0x00000000028ca100, 0x00000000028ca318]
Event: 12.125 Thread 0x000000000231d800  566  s          javax.media.j3d.J3dMessage::decRefcount (19 bytes)
Event: 12.126 Thread 0x000000000231d800 nmethod 566 0x00000000028cfd50 code [0x00000000028cfea0, 0x00000000028d0138]
Event: 12.179 Thread 0x000000000f20b000  567             javax.media.j3d.J3dStructure::addMessage (41 bytes)
Event: 12.185 Thread 0x000000000f20b000 nmethod 567 0x00000000028cef10 code [0x00000000028cf080, 0x00000000028cf918]
Event: 12.194 Thread 0x000000000231d800  568   !         javax.media.j3d.GeometryArrayRetained::sendDataChangedMessage (505 bytes)
Event: 12.245 Thread 0x000000000231d800 nmethod 568 0x00000000028d8410 code [0x00000000028d8700, 0x00000000028db7d0]

GC Heap History (10 events):
Event: 9.160 GC heap before
{Heap before GC invocations=3 (full 1):
 PSYoungGen      total 896000K, used 768000K [0x00000007c1800000, 0x0000000800000000, 0x0000000800000000)
  eden space 768000K, 100% used [0x00000007c1800000,0x00000007f0600000,0x00000007f0600000)
  from space 128000K, 0% used [0x00000007f0600000,0x00000007f0600000,0x00000007f8300000)
  to   space 128000K, 0% used [0x00000007f8300000,0x00000007f8300000,0x0000000800000000)
 ParOldGen       total 2048000K, used 4264K [0x0000000744800000, 0x00000007c1800000, 0x00000007c1800000)
  object space 2048000K, 0% used [0x0000000744800000,0x0000000744c2a198,0x00000007c1800000)
 PSPermGen       total 36352K, used 18813K [0x000000073f600000, 0x0000000741980000, 0x0000000744800000)
  object space 36352K, 51% used [0x000000073f600000,0x000000074085f428,0x0000000741980000)
Event: 9.170 GC heap after
Heap after GC invocations=3 (full 1):
 PSYoungGen      total 896000K, used 34570K [0x00000007c1800000, 0x0000000800000000, 0x0000000800000000)
  eden space 768000K, 0% used [0x00000007c1800000,0x00000007c1800000,0x00000007f0600000)
  from space 128000K, 27% used [0x00000007f8300000,0x00000007fa4c2bc8,0x0000000800000000)
  to   space 128000K, 0% used [0x00000007f0600000,0x00000007f0600000,0x00000007f8300000)
 ParOldGen       total 2048000K, used 4272K [0x0000000744800000, 0x00000007c1800000, 0x00000007c1800000)
  object space 2048000K, 0% used [0x0000000744800000,0x0000000744c2c198,0x00000007c1800000)
 PSPermGen       total 36352K, used 18813K [0x000000073f600000, 0x0000000741980000, 0x0000000744800000)
  object space 36352K, 51% used [0x000000073f600000,0x000000074085f428,0x0000000741980000)
}
Event: 9.944 GC heap before
{Heap before GC invocations=4 (full 1):
 PSYoungGen      total 896000K, used 802570K [0x00000007c1800000, 0x0000000800000000, 0x0000000800000000)
  eden space 768000K, 100% used [0x00000007c1800000,0x00000007f0600000,0x00000007f0600000)
  from space 128000K, 27% used [0x00000007f8300000,0x00000007fa4c2bc8,0x0000000800000000)
  to   space 128000K, 0% used [0x00000007f0600000,0x00000007f0600000,0x00000007f8300000)
 ParOldGen       total 2048000K, used 4272K [0x0000000744800000, 0x00000007c1800000, 0x00000007c1800000)
  object space 2048000K, 0% used [0x0000000744800000,0x0000000744c2c198,0x00000007c1800000)
 PSPermGen       total 36352K, used 18909K [0x000000073f600000, 0x0000000741980000, 0x0000000744800000)
  object space 36352K, 52% used [0x000000073f600000,0x0000000740877500,0x0000000741980000)
Event: 9.953 GC heap after
Heap after GC invocations=4 (full 1):
 PSYoungGen      total 896000K, used 34046K [0x00000007c1800000, 0x0000000800000000, 0x0000000800000000)
  eden space 768000K, 0% used [0x00000007c1800000,0x00000007c1800000,0x00000007f0600000)
  from space 128000K, 26% used [0x00000007f0600000,0x00000007f273f858,0x00000007f8300000)
  to   space 128000K, 0% used [0x00000007f8300000,0x00000007f8300000,0x0000000800000000)
 ParOldGen       total 2048000K, used 4272K [0x0000000744800000, 0x00000007c1800000, 0x00000007c1800000)
  object space 2048000K, 0% used [0x0000000744800000,0x0000000744c2c198,0x00000007c1800000)
 PSPermGen       total 36352K, used 18909K [0x000000073f600000, 0x0000000741980000, 0x0000000744800000)
  object space 36352K, 52% used [0x000000073f600000,0x0000000740877500,0x0000000741980000)
}
Event: 10.706 GC heap before
{Heap before GC invocations=5 (full 1):
 PSYoungGen      total 896000K, used 802046K [0x00000007c1800000, 0x0000000800000000, 0x0000000800000000)
  eden space 768000K, 100% used [0x00000007c1800000,0x00000007f0600000,0x00000007f0600000)
  from space 128000K, 26% used [0x00000007f0600000,0x00000007f273f858,0x00000007f8300000)
  to   space 128000K, 0% used [0x00000007f8300000,0x00000007f8300000,0x0000000800000000)
 ParOldGen       total 2048000K, used 4272K [0x0000000744800000, 0x00000007c1800000, 0x00000007c1800000)
  object space 2048000K, 0% used [0x0000000744800000,0x0000000744c2c198,0x00000007c1800000)
 PSPermGen       total 36352K, used 18978K [0x000000073f600000, 0x0000000741980000, 0x0000000744800000)
  object space 36352K, 52% used [0x000000073f600000,0x0000000740888928,0x0000000741980000)
Event: 10.713 GC heap after
Heap after GC invocations=5 (full 1):
 PSYoungGen      total 896000K, used 35033K [0x00000007c1800000, 0x0000000800000000, 0x0000000800000000)
  eden space 768000K, 0% used [0x00000007c1800000,0x00000007c1800000,0x00000007f0600000)
  from space 128000K, 27% used [0x00000007f8300000,0x00000007fa536628,0x0000000800000000)
  to   space 128000K, 0% used [0x00000007f0600000,0x00000007f0600000,0x00000007f8300000)
 ParOldGen       total 2048000K, used 4280K [0x0000000744800000, 0x00000007c1800000, 0x00000007c1800000)
  object space 2048000K, 0% used [0x0000000744800000,0x0000000744c2e198,0x00000007c1800000)
 PSPermGen       total 36352K, used 18978K [0x000000073f600000, 0x0000000741980000, 0x0000000744800000)
  object space 36352K, 52% used [0x000000073f600000,0x0000000740888928,0x0000000741980000)
}
Event: 11.426 GC heap before
{Heap before GC invocations=6 (full 1):
 PSYoungGen      total 896000K, used 803033K [0x00000007c1800000, 0x0000000800000000, 0x0000000800000000)
  eden space 768000K, 100% used [0x00000007c1800000,0x00000007f0600000,0x00000007f0600000)
  from space 128000K, 27% used [0x00000007f8300000,0x00000007fa536628,0x0000000800000000)
  to   space 128000K, 0% used [0x00000007f0600000,0x00000007f0600000,0x00000007f8300000)
 ParOldGen       total 2048000K, used 4280K [0x0000000744800000, 0x00000007c1800000, 0x00000007c1800000)
  object space 2048000K, 0% used [0x0000000744800000,0x0000000744c2e198,0x00000007c1800000)
 PSPermGen       total 36352K, used 19032K [0x000000073f600000, 0x0000000741980000, 0x0000000744800000)
  object space 36352K, 52% used [0x000000073f600000,0x0000000740896350,0x0000000741980000)
Event: 11.433 GC heap after
Heap after GC invocations=6 (full 1):
 PSYoungGen      total 896000K, used 35280K [0x00000007c1800000, 0x0000000800000000, 0x0000000800000000)
  eden space 768000K, 0% used [0x00000007c1800000,0x00000007c1800000,0x00000007f0600000)
  from space 128000K, 27% used [0x00000007f0600000,0x00000007f2874340,0x00000007f8300000)
  to   space 128000K, 0% used [0x00000007f8300000,0x00000007f8300000,0x0000000800000000)
 ParOldGen       total 2048000K, used 4280K [0x0000000744800000, 0x00000007c1800000, 0x00000007c1800000)
  object space 2048000K, 0% used [0x0000000744800000,0x0000000744c2e198,0x00000007c1800000)
 PSPermGen       total 36352K, used 19032K [0x000000073f600000, 0x0000000741980000, 0x0000000744800000)
  object space 36352K, 52% used [0x000000073f600000,0x0000000740896350,0x0000000741980000)
}
Event: 12.117 GC heap before
{Heap before GC invocations=7 (full 1):
 PSYoungGen      total 896000K, used 803280K [0x00000007c1800000, 0x0000000800000000, 0x0000000800000000)
  eden space 768000K, 100% used [0x00000007c1800000,0x00000007f0600000,0x00000007f0600000)
  from space 128000K, 27% used [0x00000007f0600000,0x00000007f2874340,0x00000007f8300000)
  to   space 128000K, 0% used [0x00000007f8300000,0x00000007f8300000,0x0000000800000000)
 ParOldGen       total 2048000K, used 4280K [0x0000000744800000, 0x00000007c1800000, 0x00000007c1800000)
  object space 2048000K, 0% used [0x0000000744800000,0x0000000744c2e1b0,0x00000007c1800000)
 PSPermGen       total 36352K, used 19062K [0x000000073f600000, 0x0000000741980000, 0x0000000744800000)
  object space 36352K, 52% used [0x000000073f600000,0x000000074089db08,0x0000000741980000)
Event: 12.123 GC heap after
Heap after GC invocations=7 (full 1):
 PSYoungGen      total 972288K, used 33680K [0x00000007c1800000, 0x0000000800000000, 0x0000000800000000)
  eden space 844288K, 0% used [0x00000007c1800000,0x00000007c1800000,0x00000007f5080000)
  from space 128000K, 26% used [0x00000007f8300000,0x00000007fa3e4088,0x0000000800000000)
  to   space 51712K, 0% used [0x00000007f5080000,0x00000007f5080000,0x00000007f8300000)
 ParOldGen       total 2048000K, used 4280K [0x0000000744800000, 0x00000007c1800000, 0x00000007c1800000)
  object space 2048000K, 0% used [0x0000000744800000,0x0000000744c2e1b0,0x00000007c1800000)
 PSPermGen       total 36352K, used 19062K [0x000000073f600000, 0x0000000741980000, 0x0000000744800000)
  object space 36352K, 52% used [0x000000073f600000,0x000000074089db08,0x0000000741980000)
}

Deoptimization events (10 events):
Event: 10.309 Thread 0x000000000fe89000 Uncommon trap: reason=null_check action=make_not_entrant pc=0x0000000002896114 method=sun.nio.cs.StreamDecoder.inReady()Z @ 21
Event: 10.877 Thread 0x000000000fd90000 Uncommon trap: reason=array_check action=maybe_recompile pc=0x00000000028ac7a0 method=java.util.Arrays.fill([Ljava/lang/Object;IILjava/lang/Object;)V @ 20
Event: 10.878 Thread 0x000000000feb1000 Uncommon trap: reason=array_check action=maybe_recompile pc=0x00000000028ac7a0 method=java.util.Arrays.fill([Ljava/lang/Object;IILjava/lang/Object;)V @ 20
Event: 10.878 Thread 0x000000000fda4000 Uncommon trap: reason=array_check action=maybe_recompile pc=0x00000000028ac7a0 method=java.util.Arrays.fill([Ljava/lang/Object;IILjava/lang/Object;)V @ 20
Event: 10.878 Thread 0x000000000fda4000 Uncommon trap: reason=array_check action=maybe_recompile pc=0x00000000028ac7a0 method=java.util.Arrays.fill([Ljava/lang/Object;IILjava/lang/Object;)V @ 20
Event: 11.839 Thread 0x000000000feae800 Uncommon trap: reason=predicate action=maybe_recompile pc=0x00000000028bcf10 method=java.util.Arrays.fill([Ljava/lang/Object;Ljava/lang/Object;)V @ 10
Event: 12.191 Thread 0x000000000fe89000 Uncommon trap: reason=array_check action=maybe_recompile pc=0x00000000028cf62c method=javax.media.j3d.UnorderList.add(Ljava/lang/Object;)V @ 70
Event: 12.191 Thread 0x000000000fe89000 Uncommon trap: reason=array_check action=maybe_recompile pc=0x00000000028cf62c method=javax.media.j3d.UnorderList.add(Ljava/lang/Object;)V @ 70
Event: 12.191 Thread 0x000000000fe89000 Uncommon trap: reason=array_check action=maybe_recompile pc=0x00000000028cf62c method=javax.media.j3d.UnorderList.add(Ljava/lang/Object;)V @ 70
Event: 12.191 Thread 0x000000000fe89000 Uncommon trap: reason=array_check action=maybe_recompile pc=0x00000000028cf62c method=javax.media.j3d.UnorderList.add(Ljava/lang/Object;)V @ 70

Internal exceptions (10 events):
Event: 6.874 Thread 0x000000000feb2800 Threw 0x00000007d2620b78 at C:\re\jdk7u76\1941\hotspot\src\share\vm\prims\jvm.cpp:1304
Event: 6.895 Thread 0x000000000fd90000 Threw 0x00000007d571fe40 at C:\re\jdk7u76\1941\hotspot\src\share\vm\prims\jvm.cpp:1304
Event: 6.896 Thread 0x000000000fd90000 Threw 0x00000007d57251e0 at C:\re\jdk7u76\1941\hotspot\src\share\vm\prims\jvm.cpp:1304
Event: 8.401 Thread 0x000000000feb1800 Threw 0x00000007d72e35e8 at C:\re\jdk7u76\1941\hotspot\src\share\vm\prims\jvm.cpp:1304
Event: 8.408 Thread 0x000000000feb1800 Threw 0x00000007d72e6b78 at C:\re\jdk7u76\1941\hotspot\src\share\vm\prims\jvm.cpp:1304
Event: 8.410 Thread 0x000000000fe89000 Threw 0x00000007d71091a8 at C:\re\jdk7u76\1941\hotspot\src\share\vm\prims\jvm.cpp:1304
Event: 8.411 Thread 0x000000000feb1800 Threw 0x00000007d72e9b90 at C:\re\jdk7u76\1941\hotspot\src\share\vm\prims\jvm.cpp:1304
Event: 8.413 Thread 0x000000000feb1800 Threw 0x00000007d72ecc00 at C:\re\jdk7u76\1941\hotspot\src\share\vm\prims\jvm.cpp:1304
Event: 9.262 Thread 0x000000000fe89000 Implicit null exception at 0x00000000028448f4 to 0x0000000002844bd8
Event: 10.309 Thread 0x000000000fe89000 Implicit null exception at 0x0000000002895d2d to 0x0000000002896109

Events (10 events):
Event: 12.191 Thread 0x000000000fe89000 DEOPT UNPACKING pc=0x00000000027175a4 sp=0x000000001278f130 mode 2
Event: 12.218 Thread 0x000000000fe8a000 Thread added: 0x000000000fe8a000
Event: 12.218 Thread 0x000000000fe87000 Thread added: 0x000000000fe87000
Event: 12.218 Thread 0x000000000fe8a800 Thread added: 0x000000000fe8a800
Event: 12.218 Thread 0x000000000fe87000 Thread exited: 0x000000000fe87000
Event: 12.218 Thread 0x000000000fe8a800 Thread exited: 0x000000000fe8a800
Event: 12.218 Thread 0x000000000feae800 Thread exited: 0x000000000feae800
Event: 12.219 loading class 0x000000000f4a0f50
Event: 12.219 loading class 0x000000000f4a0f50 done
Event: 12.248 Thread 0x000000000f3ee800 Thread exited: 0x000000000f3ee800


Dynamic libraries:
0x00007ff6aab70000 - 0x00007ff6aaba3000 	C:\Program Files\Java\jre7\bin\javaw.exe
0x00007ffb51770000 - 0x00007ffb5191c000 	C:\Windows\SYSTEM32\ntdll.dll
0x00007ffb4f1f0000 - 0x00007ffb4f32e000 	C:\Windows\system32\KERNEL32.DLL
0x00007ffb4e990000 - 0x00007ffb4eaa5000 	C:\Windows\system32\KERNELBASE.dll
0x00007ffb4d460000 - 0x00007ffb4d4ee000 	C:\Windows\system32\apphelp.dll
0x00007ffb4bb70000 - 0x00007ffb4bbc3000 	C:\Windows\AppPatch\AppPatch64\AcGenral.DLL
0x00007ffb50f40000 - 0x00007ffb50fea000 	C:\Windows\system32\msvcrt.dll
0x00007ffb4e690000 - 0x00007ffb4e6be000 	C:\Windows\SYSTEM32\SspiCli.dll
0x00007ffb4f5f0000 - 0x00007ffb4f644000 	C:\Windows\system32\SHLWAPI.dll
0x00007ffb50be0000 - 0x00007ffb50d57000 	C:\Windows\system32\USER32.dll
0x00007ffb4f3f0000 - 0x00007ffb4f584000 	C:\Windows\system32\ole32.dll
0x00007ffb4f650000 - 0x00007ffb50b68000 	C:\Windows\system32\SHELL32.dll
0x00007ffb4de60000 - 0x00007ffb4de81000 	C:\Windows\SYSTEM32\USERENV.dll
0x00007ffb4ef60000 - 0x00007ffb4f00a000 	C:\Windows\system32\ADVAPI32.dll
0x00007ffb3e3e0000 - 0x00007ffb3e3fe000 	C:\Windows\SYSTEM32\MPR.dll
0x00007ffb4edf0000 - 0x00007ffb4ef31000 	C:\Windows\system32\RPCRT4.dll
0x00007ffb51490000 - 0x00007ffb514e9000 	C:\Windows\SYSTEM32\sechost.dll
0x00007ffb51550000 - 0x00007ffb51761000 	C:\Windows\SYSTEM32\combase.dll
0x00007ffb50d80000 - 0x00007ffb50ed1000 	C:\Windows\system32\GDI32.dll
0x00007ffb4e8c0000 - 0x00007ffb4e8d5000 	C:\Windows\SYSTEM32\profapi.dll
0x00007ffb4ce30000 - 0x00007ffb4cee2000 	C:\Windows\SYSTEM32\SHCORE.dll
0x00007ffb50f00000 - 0x00007ffb50f36000 	C:\Windows\system32\IMM32.DLL
0x00007ffb50ff0000 - 0x00007ffb51142000 	C:\Windows\system32\MSCTF.dll
0x00007ffb4b3b0000 - 0x00007ffb4b62a000 	C:\Windows\WinSxS\amd64_microsoft.windows.common-controls_6595b64144ccf1df_6.0.9600.17810_none_6240b9c7ecbd0bda\COMCTL32.dll
0x0000000062b70000 - 0x0000000062c42000 	C:\Program Files\Java\jre7\bin\msvcr100.dll
0x0000000061810000 - 0x0000000061fe5000 	C:\Program Files\Java\jre7\bin\server\jvm.dll
0x00007ffb40a50000 - 0x00007ffb40a59000 	C:\Windows\SYSTEM32\WSOCK32.dll
0x00007ffb4a470000 - 0x00007ffb4a492000 	C:\Windows\SYSTEM32\WINMM.dll
0x00007ffb50ee0000 - 0x00007ffb50ee7000 	C:\Windows\system32\PSAPI.DLL
0x00007ffb514f0000 - 0x00007ffb5154a000 	C:\Windows\system32\WS2_32.dll
0x00007ffb4a430000 - 0x00007ffb4a45a000 	C:\Windows\SYSTEM32\WINMMBASE.dll
0x00007ffb50d60000 - 0x00007ffb50d69000 	C:\Windows\system32\NSI.dll
0x00007ffb4ebc0000 - 0x00007ffb4ec0f000 	C:\Windows\SYSTEM32\cfgmgr32.dll
0x00007ffb4d6d0000 - 0x00007ffb4d6f8000 	C:\Windows\SYSTEM32\DEVOBJ.dll
0x0000000061800000 - 0x000000006180f000 	C:\Program Files\Java\jre7\bin\verify.dll
0x00000000617d0000 - 0x00000000617f8000 	C:\Program Files\Java\jre7\bin\java.dll
0x00000000617b0000 - 0x00000000617c5000 	C:\Program Files\Java\jre7\bin\zip.dll
0x0000000061530000 - 0x00000000616c5000 	C:\Program Files\Java\jre7\bin\awt.dll
0x00007ffb51150000 - 0x00007ffb51211000 	C:\Windows\system32\OLEAUT32.dll
0x00007ffb4cc30000 - 0x00007ffb4cc51000 	C:\Windows\system32\DWMAPI.DLL
0x00007ffb4d530000 - 0x00007ffb4d659000 	C:\Windows\system32\uxtheme.dll
0x00007ffb4d700000 - 0x00007ffb4d70b000 	C:\Windows\SYSTEM32\kernel.appcore.dll
0x00007ffb4e790000 - 0x00007ffb4e79b000 	C:\Windows\SYSTEM32\CRYPTBASE.dll
0x00007ffb4e720000 - 0x00007ffb4e783000 	C:\Windows\SYSTEM32\bcryptPrimitives.dll
0x00007ffb4a4a0000 - 0x00007ffb4a4aa000 	C:\Windows\SYSTEM32\VERSION.dll
0x00007ffb4e860000 - 0x00007ffb4e8a6000 	C:\Windows\system32\powrprof.dll
0x00000000614e0000 - 0x0000000061527000 	C:\Program Files\Java\jre7\bin\fontmanager.dll
0x0000000061790000 - 0x00000000617aa000 	C:\Program Files\Java\jre7\bin\net.dll
0x00007ffb4e0d0000 - 0x00007ffb4e129000 	C:\Windows\system32\mswsock.dll
0x0000000061770000 - 0x0000000061781000 	C:\Program Files\Java\jre7\bin\nio.dll
0x0000000060610000 - 0x0000000060651000 	C:\Program Files\Java\jre7\bin\t2k.dll
0x00000000605e0000 - 0x0000000060610000 	C:\Program Files\Java\jre7\bin\jpeg.dll
0x00000000614d0000 - 0x00000000614d7000 	C:\Program Files\Java\jre7\bin\jawt.dll
0x0000000012790000 - 0x00000000127ce000 	C:\Windows\System32\j3dcore-ogl.dll
0x00007ffb36df0000 - 0x00007ffb36f1b000 	C:\Windows\SYSTEM32\OPENGL32.dll
0x00007ffb4b6a0000 - 0x00007ffb4b6ce000 	C:\Windows\SYSTEM32\GLU32.dll
0x00007ffb349c0000 - 0x00007ffb34ab8000 	C:\Windows\SYSTEM32\DDRAW.dll
0x00007ffb4c120000 - 0x00007ffb4c129000 	C:\Windows\SYSTEM32\DCIMAN32.dll
0x000000005e8a0000 - 0x00000000605d1000 	C:\Windows\SYSTEM32\nvoglv64.DLL
0x00007ffb4f010000 - 0x00007ffb4f1ea000 	C:\Windows\system32\SETUPAPI.dll
0x00007ffb4eab0000 - 0x00007ffb4eb01000 	C:\Windows\system32\WINTRUST.dll
0x00007ffb4ec10000 - 0x00007ffb4edef000 	C:\Windows\system32\CRYPT32.dll
0x00007ffb4e970000 - 0x00007ffb4e981000 	C:\Windows\system32\MSASN1.dll
0x00007ffb49710000 - 0x00007ffb49742000 	C:\Windows\SYSTEM32\ntmarta.dll
0x00007ffb513d0000 - 0x00007ffb51486000 	C:\Windows\SYSTEM32\clbcatq.dll
0x00007ffb49f20000 - 0x00007ffb4a0ce000 	C:\Windows\SYSTEM32\WindowsCodecs.dll
0x00007ffb4e130000 - 0x00007ffb4e150000 	C:\Windows\SYSTEM32\CRYPTSP.dll
0x00007ffb4dd50000 - 0x00007ffb4dd86000 	C:\Windows\system32\rsaenh.dll
0x00007ffb4e380000 - 0x00007ffb4e3a6000 	C:\Windows\SYSTEM32\bcrypt.dll
0x00007ffb4f330000 - 0x00007ffb4f3e6000 	C:\Windows\system32\COMDLG32.dll
0x00007ffb484a0000 - 0x00007ffb4861f000 	C:\Windows\system32\propsys.dll
0x00007ffb3e320000 - 0x00007ffb3e3da000 	C:\Windows\SYSTEM32\ntshrui.dll
0x00007ffb4e4a0000 - 0x00007ffb4e4c6000 	C:\Windows\SYSTEM32\srvcli.dll
0x00007ffb41970000 - 0x00007ffb41982000 	C:\Windows\SYSTEM32\cscapi.dll
0x00007ffb3fec0000 - 0x00007ffb3ff7c000 	C:\Windows\System32\StructuredQuery.dll
0x00007ffb40750000 - 0x00007ffb40a10000 	C:\Windows\System32\actxprxy.dll
0x00007ffb4c140000 - 0x00007ffb4c27c000 	C:\Windows\system32\SearchFolder.dll
0x00007ffb456b0000 - 0x00007ffb45714000 	C:\Windows\SYSTEM32\mscoree.dll
0x00007ffb45610000 - 0x00007ffb456ad000 	C:\Windows\Microsoft.NET\Framework64\v4.0.30319\mscoreei.dll
0x00007ffb4e7a0000 - 0x00007ffb4e839000 	C:\Windows\SYSTEM32\sxs.dll
0x00007ffb36400000 - 0x00007ffb36d7c000 	C:\Windows\Microsoft.NET\Framework64\v4.0.30319\clr.dll
0x00007ffb36320000 - 0x00007ffb363f6000 	C:\Windows\SYSTEM32\MSVCR120_CLR0400.dll
0x00007ffb34d80000 - 0x00007ffb3630d000 	C:\Windows\assembly\NativeImages_v4.0.30319_64\mscorlib\a20cafac04a2e9b3bcb5ec4d674775e5\mscorlib.ni.dll
0x00000000171c0000 - 0x00000000171ca000 	C:\Program Files (x86)\Dell Backup and Recovery\Components\Shell\DBROverlayIcon.dll
0x00007ffb34c50000 - 0x00007ffb34d7f000 	C:\Windows\Microsoft.NET\Framework64\v4.0.30319\clrjit.dll
0x0000000018ed0000 - 0x0000000018ee2000 	C:\Program Files (x86)\Dell Backup and Recovery\Components\Shell\STCommonShellIntegration.dll
0x00007ffb33810000 - 0x00007ffb34487000 	C:\Windows\assembly\NativeImages_v4.0.30319_64\System\6d840e78f9d7168f448d9153f773f5bf\System.ni.dll
0x0000000031840000 - 0x0000000031876000 	C:\Program Files (x86)\Dell Backup and Recovery\Components\Shell\System.Data.SQLite.dll
0x00007ffb30e80000 - 0x00007ffb317dd000 	C:\Windows\assembly\NativeImages_v4.0.30319_64\System.Core\4ed1137a5fca2b4c293bbc6e37565fa4\System.Core.ni.dll
0x00007ffb2b110000 - 0x00007ffb2b9cf000 	C:\Windows\assembly\NativeImages_v4.0.30319_64\System.Data\1e581b1a536dcff4d18e43646add4932\System.Data.ni.dll
0x00007ffb344f0000 - 0x00007ffb3480d000 	C:\Windows\Microsoft.Net\assembly\GAC_64\System.Data\v4.0_4.0.0.0__b77a5c561934e089\System.Data.dll
0x00007ffb2dde0000 - 0x00007ffb2debd000 	C:\Windows\assembly\NativeImages_v4.0.30319_64\System.Transactions\f405f95fe25702e9c941b0b09a878b63\System.Transactions.ni.dll
0x00007ffb3e590000 - 0x00007ffb3e5d9000 	C:\Windows\Microsoft.Net\assembly\GAC_64\System.Transactions\v4.0_4.0.0.0__b77a5c561934e089\System.Transactions.dll
0x00007ffb39170000 - 0x00007ffb3926f000 	C:\Program Files (x86)\Dell Backup and Recovery\Components\Shell\SQLite.Interop.dll
0x00007ffb2ca80000 - 0x00007ffb2cbaf000 	C:\Windows\assembly\NativeImages_v4.0.30319_64\System.Configuration\a4ccce7cbff2629d0a2b4f3747159771\System.Configuration.ni.dll
0x00007ffb2bcb0000 - 0x00007ffb2c65b000 	C:\Windows\assembly\NativeImages_v4.0.30319_64\System.Xml\dfb82b735595b95993593539d5d86438\System.Xml.ni.dll
0x00007ffb37230000 - 0x00007ffb3733d000 	C:\Windows\assembly\NativeImages_v4.0.30319_64\System.Ente96d83b35#\22962e1188d01856dfadb66047302083\System.EnterpriseServices.ni.dll
0x00007ffb47170000 - 0x00007ffb471cc000 	C:\Windows\assembly\NativeImages_v4.0.30319_64\System.Ente96d83b35#\22962e1188d01856dfadb66047302083\System.EnterpriseServices.Wrapper.dll
0x00007ffb48380000 - 0x00007ffb483a5000 	C:\Windows\Microsoft.Net\assembly\GAC_64\System.EnterpriseServices\v4.0_4.0.0.0__b03f5f7f11d50a3a\System.EnterpriseServices.Wrapper.dll
0x0000000018ea0000 - 0x0000000018eaa000 	C:\Program Files (x86)\Dell Backup and Recovery\Components\Shell\DBROverlayNotBackuped.dll
0x00007ffb4b6d0000 - 0x00007ffb4b707000 	C:\Windows\System32\EhStorShell.dll
0x00007ffb3d1f0000 - 0x00007ffb3d29c000 	C:\Windows\System32\cscui.dll
0x00007ffb4c130000 - 0x00007ffb4c13d000 	C:\Windows\System32\CSCDLL.dll
0x00007ffb36f20000 - 0x00007ffb36f45000 	C:\Windows\system32\mssprxy.dll
0x00007ffb49940000 - 0x00007ffb49ac9000 	C:\Windows\SYSTEM32\dbghelp.dll

VM Arguments:
jvm_args: -Xms3000m -Dfile.encoding=MS932 
java_command: main.Main
Launcher Type: SUN_STANDARD

Environment Variables:
PATH=c:\Program Files (x86)\Intel\iCLS Client\;c:\Program Files\Intel\iCLS Client\;C:\Windows\system32;C:\Windows;C:\Windows\System32\Wbem;C:\Windows\System32\WindowsPowerShell\v1.0\;C:\Program Files\Intel\Intel(R) Management Engine Components\DAL;C:\Program Files\Intel\Intel(R) Management Engine Components\IPT;C:\Program Files (x86)\Intel\Intel(R) Management Engine Components\DAL;C:\Program Files (x86)\Intel\Intel(R) Management Engine Components\IPT;C:\Program Files (x86)\Windows Kits\8.1\Windows Performance Toolkit\;C:\Program Files\Microsoft SQL Server\110\Tools\Binn\;C:\Program Files (x86)\GitExtensions\;C:\MinGW\bin;
USERNAME=Hassan Ebrahimi
OS=Windows_NT
PROCESSOR_IDENTIFIER=Intel64 Family 6 Model 60 Stepping 3, GenuineIntel



---------------  S Y S T E M  ---------------

OS: Windows 8.1 , 64 bit Build 9600 

CPU:total 8 (4 cores per cpu, 2 threads per core) family 6 model 60 stepping 3, cmov, cx8, fxsr, mmx, sse, sse2, sse3, ssse3, sse4.1, sse4.2, popcnt, avx, avx2, aes, erms, ht, tsc, tscinvbit

Memory: 4k page, physical 8338356k(4704224k free), swap 15131840k(7135744k free)

vm_info: Java HotSpot(TM) 64-Bit Server VM (24.76-b04) for windows-amd64 JRE (1.7.0_76-b13), built on Dec 18 2014 16:31:25 by "java_re" with unknown MS VC++:1600

time: Thu Jun 25 16:39:04 2015
elapsed time: 12 seconds

